<?xml version="1.0" encoding="UTF-8"?>
<!-- Generated by org.testng.reporters.JUnitXMLReporter -->
<testsuite hostname="01DTP0046" name="Mantis Executionon Firefox" tests="2" failures="2" timestamp="12 Apr 2017 10:03:42 GMT" time="12.372" errors="0">
  <testcase name="AT_Verify_ReportNewIssue" time="6.658" classname="com.compugain.testcases.MantisTestCases">
    <failure type="org.openqa.selenium.JavascriptException" message="Error: Permission denied to access property &amp;quot;style&amp;quot;
Build info: version: &amp;apos;3.0.1&amp;apos;, revision: &amp;apos;1969d75&amp;apos;, time: &amp;apos;2016-10-18 09:49:13 -0700&amp;apos;
System info: host: &amp;apos;01DTP0046&amp;apos;, ip: &amp;apos;172.24.12.169&amp;apos;, os.name: &amp;apos;Windows 7&amp;apos;, os.arch: &amp;apos;amd64&amp;apos;, os.version: &amp;apos;6.1&amp;apos;, java.version: &amp;apos;1.8.0_121&amp;apos;
Driver info: org.openqa.selenium.firefox.FirefoxDriver
Capabilities [{rotatable=false, raisesAccessibilityExceptions=false, marionette=true, firefoxOptions={args=[], prefs={}}, appBuildId=20161031133903, version=, platform=XP, proxy={}, command_id=1, specificationLevel=0, acceptSslCerts=false, browserVersion=47.0.2, platformVersion=6.1, XULappId={ec8030f7-c20a-464f-9b0e-13a3a9e97384}, browserName=Firefox, takesScreenshot=true, takesElementScreenshot=true, platformName=Windows_NT, device=desktop}]
Session ID: 428a1396-0650-44e2-a5bc-fd28f095653c">
      <![CDATA[org.openqa.selenium.JavascriptException: Error: Permission denied to access property "style"
Build info: version: '3.0.1', revision: '1969d75', time: '2016-10-18 09:49:13 -0700'
System info: host: '01DTP0046', ip: '172.24.12.169', os.name: 'Windows 7', os.arch: 'amd64', os.version: '6.1', java.version: '1.8.0_121'
Driver info: org.openqa.selenium.firefox.FirefoxDriver
Capabilities [{rotatable=false, raisesAccessibilityExceptions=false, marionette=true, firefoxOptions={args=[], prefs={}}, appBuildId=20161031133903, version=, platform=XP, proxy={}, command_id=1, specificationLevel=0, acceptSslCerts=false, browserVersion=47.0.2, platformVersion=6.1, XULappId={ec8030f7-c20a-464f-9b0e-13a3a9e97384}, browserName=Firefox, takesScreenshot=true, takesElementScreenshot=true, platformName=Windows_NT, device=desktop}]
Session ID: 428a1396-0650-44e2-a5bc-fd28f095653c
	at org.openqa.selenium.remote.http.W3CHttpResponseCodec.createException(W3CHttpResponseCodec.java:127)
	at org.openqa.selenium.remote.http.W3CHttpResponseCodec.decode(W3CHttpResponseCodec.java:93)
	at org.openqa.selenium.remote.http.W3CHttpResponseCodec.decode(W3CHttpResponseCodec.java:42)
	at org.openqa.selenium.remote.HttpCommandExecutor.execute(HttpCommandExecutor.java:163)
	at org.openqa.selenium.remote.service.DriverCommandExecutor.execute(DriverCommandExecutor.java:82)
	at org.openqa.selenium.remote.RemoteWebDriver.execute(RemoteWebDriver.java:601)
	at org.openqa.selenium.remote.RemoteWebDriver.executeScript(RemoteWebDriver.java:537)
	at com.ceiwc.compugain.funUtil.WebElements.highLight_perform(WebElements.java:655)
	at com.ceiwc.compugain.funUtil.WebElements.enterText(WebElements.java:684)
	at com.ceiwc.compugain.pageobjects.MantisLoginPage.enterUserName(MantisLoginPage.java:45)
	at com.ceiwc.compugain.pageobjects.MantisLoginPage.loginas(MantisLoginPage.java:32)
	at com.compugain.testcases.MantisTestCases.AT_Verify_ReportNewIssue(MantisTestCases.java:54)
... Removed 29 stack frames]]>
    </failure>
  </testcase> <!-- AT_Verify_ReportNewIssue -->
  <testcase name="AT_Verify_UpdateIssueStatus" time="5.693" classname="com.compugain.testcases.MantisTestCases">
    <failure type="org.openqa.selenium.JavascriptException" message="Error: Permission denied to access property &amp;quot;style&amp;quot;
Build info: version: &amp;apos;3.0.1&amp;apos;, revision: &amp;apos;1969d75&amp;apos;, time: &amp;apos;2016-10-18 09:49:13 -0700&amp;apos;
System info: host: &amp;apos;01DTP0046&amp;apos;, ip: &amp;apos;172.24.12.169&amp;apos;, os.name: &amp;apos;Windows 7&amp;apos;, os.arch: &amp;apos;amd64&amp;apos;, os.version: &amp;apos;6.1&amp;apos;, java.version: &amp;apos;1.8.0_121&amp;apos;
Driver info: org.openqa.selenium.firefox.FirefoxDriver
Capabilities [{rotatable=false, raisesAccessibilityExceptions=false, marionette=true, firefoxOptions={args=[], prefs={}}, appBuildId=20161031133903, version=, platform=XP, proxy={}, command_id=1, specificationLevel=0, acceptSslCerts=false, browserVersion=47.0.2, platformVersion=6.1, XULappId={ec8030f7-c20a-464f-9b0e-13a3a9e97384}, browserName=Firefox, takesScreenshot=true, takesElementScreenshot=true, platformName=Windows_NT, device=desktop}]
Session ID: d6c3b95c-a663-46a5-8e47-ae1cdc251c7e">
      <![CDATA[org.openqa.selenium.JavascriptException: Error: Permission denied to access property "style"
Build info: version: '3.0.1', revision: '1969d75', time: '2016-10-18 09:49:13 -0700'
System info: host: '01DTP0046', ip: '172.24.12.169', os.name: 'Windows 7', os.arch: 'amd64', os.version: '6.1', java.version: '1.8.0_121'
Driver info: org.openqa.selenium.firefox.FirefoxDriver
Capabilities [{rotatable=false, raisesAccessibilityExceptions=false, marionette=true, firefoxOptions={args=[], prefs={}}, appBuildId=20161031133903, version=, platform=XP, proxy={}, command_id=1, specificationLevel=0, acceptSslCerts=false, browserVersion=47.0.2, platformVersion=6.1, XULappId={ec8030f7-c20a-464f-9b0e-13a3a9e97384}, browserName=Firefox, takesScreenshot=true, takesElementScreenshot=true, platformName=Windows_NT, device=desktop}]
Session ID: d6c3b95c-a663-46a5-8e47-ae1cdc251c7e
	at org.openqa.selenium.remote.http.W3CHttpResponseCodec.createException(W3CHttpResponseCodec.java:127)
	at org.openqa.selenium.remote.http.W3CHttpResponseCodec.decode(W3CHttpResponseCodec.java:93)
	at org.openqa.selenium.remote.http.W3CHttpResponseCodec.decode(W3CHttpResponseCodec.java:42)
	at org.openqa.selenium.remote.HttpCommandExecutor.execute(HttpCommandExecutor.java:163)
	at org.openqa.selenium.remote.service.DriverCommandExecutor.execute(DriverCommandExecutor.java:82)
	at org.openqa.selenium.remote.RemoteWebDriver.execute(RemoteWebDriver.java:601)
	at org.openqa.selenium.remote.RemoteWebDriver.executeScript(RemoteWebDriver.java:537)
	at com.ceiwc.compugain.funUtil.WebElements.highLight_perform(WebElements.java:655)
	at com.ceiwc.compugain.funUtil.WebElements.enterText(WebElements.java:684)
	at com.ceiwc.compugain.pageobjects.MantisLoginPage.enterUserName(MantisLoginPage.java:45)
	at com.ceiwc.compugain.pageobjects.MantisLoginPage.loginas(MantisLoginPage.java:32)
	at com.compugain.testcases.MantisTestCases.AT_Verify_UpdateIssueStatus(MantisTestCases.java:84)
... Removed 29 stack frames]]>
    </failure>
  </testcase> <!-- AT_Verify_UpdateIssueStatus -->
</testsuite> <!-- Mantis Executionon Firefox -->
