<?xml version="1.0" encoding="UTF-8"?>
<!-- Generated by org.testng.reporters.JUnitXMLReporter -->
<testsuite hostname="01DTP0046" name="Mantis Executionon Chrome" tests="2" failures="0" timestamp="12 Apr 2017 10:03:30 GMT" time="152.574" errors="0">
  <testcase name="AT_Verify_ReportNewIssue" time="61.002" classname="com.compugain.testcases.MantisTestCases"/>
  <testcase name="AT_Verify_UpdateIssueStatus" time="91.533" classname="com.compugain.testcases.MantisTestCases"/>
</testsuite> <!-- Mantis Executionon Chrome -->
